(0.000) 
            SELECT name, type FROM sqlite_master
            WHERE type in ('table', 'view') AND NOT name='sqlite_sequence'
            ORDER BY name; args=None; alias=default
(0.000) SELECT "django_migrations"."id", "django_migrations"."app", "django_migrations"."name", "django_migrations"."applied" FROM "django_migrations"; args=(); alias=default
(0.015) 
            SELECT name, type FROM sqlite_master
            WHERE type in ('table', 'view') AND NOT name='sqlite_sequence'
            ORDER BY name; args=None; alias=default
(0.000) SELECT "django_migrations"."id", "django_migrations"."app", "django_migrations"."name", "django_migrations"."applied" FROM "django_migrations"; args=(); alias=default
(0.000) 
            SELECT name, type FROM sqlite_master
            WHERE type in ('table', 'view') AND NOT name='sqlite_sequence'
            ORDER BY name; args=None; alias=default
(0.000) SELECT "django_migrations"."id", "django_migrations"."app", "django_migrations"."name", "django_migrations"."applied" FROM "django_migrations"; args=(); alias=default
(0.000) 
            SELECT name, type FROM sqlite_master
            WHERE type in ('table', 'view') AND NOT name='sqlite_sequence'
            ORDER BY name; args=None; alias=default
(0.000) SELECT "django_migrations"."id", "django_migrations"."app", "django_migrations"."name", "django_migrations"."applied" FROM "django_migrations"; args=(); alias=default
(0.000) 
            SELECT name, type FROM sqlite_master
            WHERE type in ('table', 'view') AND NOT name='sqlite_sequence'
            ORDER BY name; args=None; alias=default
(0.000) SELECT "django_migrations"."id", "django_migrations"."app", "django_migrations"."name", "django_migrations"."applied" FROM "django_migrations"; args=(); alias=default
(0.000) 
            SELECT name, type FROM sqlite_master
            WHERE type in ('table', 'view') AND NOT name='sqlite_sequence'
            ORDER BY name; args=None; alias=default
(0.000) SELECT "django_migrations"."id", "django_migrations"."app", "django_migrations"."name", "django_migrations"."applied" FROM "django_migrations"; args=(); alias=default
(0.000) 
            SELECT name, type FROM sqlite_master
            WHERE type in ('table', 'view') AND NOT name='sqlite_sequence'
            ORDER BY name; args=None; alias=default
(0.000) SELECT "django_migrations"."id", "django_migrations"."app", "django_migrations"."name", "django_migrations"."applied" FROM "django_migrations"; args=(); alias=default
(0.015) 
            SELECT name, type FROM sqlite_master
            WHERE type in ('table', 'view') AND NOT name='sqlite_sequence'
            ORDER BY name; args=None; alias=default
(0.000) SELECT "django_migrations"."id", "django_migrations"."app", "django_migrations"."name", "django_migrations"."applied" FROM "django_migrations"; args=(); alias=default
(0.000) 
            SELECT name, type FROM sqlite_master
            WHERE type in ('table', 'view') AND NOT name='sqlite_sequence'
            ORDER BY name; args=None; alias=default
(0.000) SELECT "django_migrations"."id", "django_migrations"."app", "django_migrations"."name", "django_migrations"."applied" FROM "django_migrations"; args=(); alias=default
(0.000) 
            SELECT name, type FROM sqlite_master
            WHERE type in ('table', 'view') AND NOT name='sqlite_sequence'
            ORDER BY name; args=None; alias=default
(0.000) SELECT "django_migrations"."id", "django_migrations"."app", "django_migrations"."name", "django_migrations"."applied" FROM "django_migrations"; args=(); alias=default
(0.000) 
            SELECT name, type FROM sqlite_master
            WHERE type in ('table', 'view') AND NOT name='sqlite_sequence'
            ORDER BY name; args=None; alias=default
(0.000) SELECT "django_migrations"."id", "django_migrations"."app", "django_migrations"."name", "django_migrations"."applied" FROM "django_migrations"; args=(); alias=default
(0.000) 
            SELECT name, type FROM sqlite_master
            WHERE type in ('table', 'view') AND NOT name='sqlite_sequence'
            ORDER BY name; args=None; alias=default
(0.000) SELECT "django_migrations"."id", "django_migrations"."app", "django_migrations"."name", "django_migrations"."applied" FROM "django_migrations"; args=(); alias=default
(0.000) 
            SELECT name, type FROM sqlite_master
            WHERE type in ('table', 'view') AND NOT name='sqlite_sequence'
            ORDER BY name; args=None; alias=default
(0.000) SELECT "django_migrations"."id", "django_migrations"."app", "django_migrations"."name", "django_migrations"."applied" FROM "django_migrations"; args=(); alias=default
(0.000) 
            SELECT name, type FROM sqlite_master
            WHERE type in ('table', 'view') AND NOT name='sqlite_sequence'
            ORDER BY name; args=None; alias=default
(0.000) SELECT "django_migrations"."id", "django_migrations"."app", "django_migrations"."name", "django_migrations"."applied" FROM "django_migrations"; args=(); alias=default
(0.000) SELECT "django_session"."session_key", "django_session"."session_data", "django_session"."expire_date" FROM "django_session" WHERE ("django_session"."expire_date" > '2023-12-22 04:31:22.776487' AND "django_session"."session_key" = 'ikwei7wutn8p02rj9q6owdnyd3o4xfgb') LIMIT 21; args=('2023-12-22 04:31:22.776487', 'ikwei7wutn8p02rj9q6owdnyd3o4xfgb'); alias=default
(0.000) SELECT "auth_user"."id", "auth_user"."password", "auth_user"."last_login", "auth_user"."is_superuser", "auth_user"."username", "auth_user"."first_name", "auth_user"."last_name", "auth_user"."email", "auth_user"."is_staff", "auth_user"."is_active", "auth_user"."date_joined" FROM "auth_user" WHERE "auth_user"."id" = 1 LIMIT 21; args=(1,); alias=default
(0.000) SELECT "app_personadb"."id", "app_personadb"."persona_name", "app_personadb"."persona_code", "app_personadb"."persona_description" FROM "app_personadb"; args=(); alias=default
(0.000) SELECT "app_kpi"."id", "app_kpi"."kpi_name", "app_kpi"."kpi_code", "app_kpi"."kpi_section" FROM "app_kpi" INNER JOIN "app_personadb_kpis" ON ("app_kpi"."id" = "app_personadb_kpis"."kpi_id") WHERE "app_personadb_kpis"."personadb_id" = 1; args=(1,); alias=default
(0.000) SELECT "app_filter"."id", "app_filter"."filter_name", "app_filter"."filter_code", "app_filter"."filter_column" FROM "app_filter" INNER JOIN "app_personadb_filters" ON ("app_filter"."id" = "app_personadb_filters"."filter_id") WHERE "app_personadb_filters"."personadb_id" = 1; args=(1,); alias=default
(0.000) 
            SELECT name, type FROM sqlite_master
            WHERE type in ('table', 'view') AND NOT name='sqlite_sequence'
            ORDER BY name; args=None; alias=default
(0.000) SELECT "django_migrations"."id", "django_migrations"."app", "django_migrations"."name", "django_migrations"."applied" FROM "django_migrations"; args=(); alias=default
(0.000) 
            SELECT name, type FROM sqlite_master
            WHERE type in ('table', 'view') AND NOT name='sqlite_sequence'
            ORDER BY name; args=None; alias=default
(0.000) SELECT "django_migrations"."id", "django_migrations"."app", "django_migrations"."name", "django_migrations"."applied" FROM "django_migrations"; args=(); alias=default
(0.000) 
            SELECT name, type FROM sqlite_master
            WHERE type in ('table', 'view') AND NOT name='sqlite_sequence'
            ORDER BY name; args=None; alias=default
(0.000) SELECT "django_migrations"."id", "django_migrations"."app", "django_migrations"."name", "django_migrations"."applied" FROM "django_migrations"; args=(); alias=default
(0.000) 
            SELECT name, type FROM sqlite_master
            WHERE type in ('table', 'view') AND NOT name='sqlite_sequence'
            ORDER BY name; args=None; alias=default
(0.000) SELECT "django_migrations"."id", "django_migrations"."app", "django_migrations"."name", "django_migrations"."applied" FROM "django_migrations"; args=(); alias=default
(0.000) 
            SELECT name, type FROM sqlite_master
            WHERE type in ('table', 'view') AND NOT name='sqlite_sequence'
            ORDER BY name; args=None; alias=default
(0.000) SELECT "django_migrations"."id", "django_migrations"."app", "django_migrations"."name", "django_migrations"."applied" FROM "django_migrations"; args=(); alias=default
(0.016) 
            SELECT name, type FROM sqlite_master
            WHERE type in ('table', 'view') AND NOT name='sqlite_sequence'
            ORDER BY name; args=None; alias=default
(0.000) SELECT "django_migrations"."id", "django_migrations"."app", "django_migrations"."name", "django_migrations"."applied" FROM "django_migrations"; args=(); alias=default
(0.000) 
            SELECT name, type FROM sqlite_master
            WHERE type in ('table', 'view') AND NOT name='sqlite_sequence'
            ORDER BY name; args=None; alias=default
(0.000) SELECT "django_migrations"."id", "django_migrations"."app", "django_migrations"."name", "django_migrations"."applied" FROM "django_migrations"; args=(); alias=default
(0.000) 
            SELECT name, type FROM sqlite_master
            WHERE type in ('table', 'view') AND NOT name='sqlite_sequence'
            ORDER BY name; args=None; alias=default
(0.000) SELECT "django_migrations"."id", "django_migrations"."app", "django_migrations"."name", "django_migrations"."applied" FROM "django_migrations"; args=(); alias=default
(0.000) 
            SELECT name, type FROM sqlite_master
            WHERE type in ('table', 'view') AND NOT name='sqlite_sequence'
            ORDER BY name; args=None; alias=default
(0.000) SELECT "django_migrations"."id", "django_migrations"."app", "django_migrations"."name", "django_migrations"."applied" FROM "django_migrations"; args=(); alias=default
(0.000) 
            SELECT name, type FROM sqlite_master
            WHERE type in ('table', 'view') AND NOT name='sqlite_sequence'
            ORDER BY name; args=None; alias=default
(0.000) SELECT "django_migrations"."id", "django_migrations"."app", "django_migrations"."name", "django_migrations"."applied" FROM "django_migrations"; args=(); alias=default
(0.000) 
            SELECT name, type FROM sqlite_master
            WHERE type in ('table', 'view') AND NOT name='sqlite_sequence'
            ORDER BY name; args=None; alias=default
(0.000) SELECT "django_migrations"."id", "django_migrations"."app", "django_migrations"."name", "django_migrations"."applied" FROM "django_migrations"; args=(); alias=default
(0.000) 
            SELECT name, type FROM sqlite_master
            WHERE type in ('table', 'view') AND NOT name='sqlite_sequence'
            ORDER BY name; args=None; alias=default
(0.000) SELECT "django_migrations"."id", "django_migrations"."app", "django_migrations"."name", "django_migrations"."applied" FROM "django_migrations"; args=(); alias=default
(0.000) 
            SELECT name, type FROM sqlite_master
            WHERE type in ('table', 'view') AND NOT name='sqlite_sequence'
            ORDER BY name; args=None; alias=default
(0.000) SELECT "django_migrations"."id", "django_migrations"."app", "django_migrations"."name", "django_migrations"."applied" FROM "django_migrations"; args=(); alias=default
(0.000) 
            SELECT name, type FROM sqlite_master
            WHERE type in ('table', 'view') AND NOT name='sqlite_sequence'
            ORDER BY name; args=None; alias=default
(0.000) SELECT "django_migrations"."id", "django_migrations"."app", "django_migrations"."name", "django_migrations"."applied" FROM "django_migrations"; args=(); alias=default
(0.000) 
            SELECT name, type FROM sqlite_master
            WHERE type in ('table', 'view') AND NOT name='sqlite_sequence'
            ORDER BY name; args=None; alias=default
(0.000) SELECT "django_migrations"."id", "django_migrations"."app", "django_migrations"."name", "django_migrations"."applied" FROM "django_migrations"; args=(); alias=default
(0.000) 
            SELECT name, type FROM sqlite_master
            WHERE type in ('table', 'view') AND NOT name='sqlite_sequence'
            ORDER BY name; args=None; alias=default
(0.000) SELECT "django_migrations"."id", "django_migrations"."app", "django_migrations"."name", "django_migrations"."applied" FROM "django_migrations"; args=(); alias=default
(0.000) 
            SELECT name, type FROM sqlite_master
            WHERE type in ('table', 'view') AND NOT name='sqlite_sequence'
            ORDER BY name; args=None; alias=default
(0.000) SELECT "django_migrations"."id", "django_migrations"."app", "django_migrations"."name", "django_migrations"."applied" FROM "django_migrations"; args=(); alias=default
(0.000) 
            SELECT name, type FROM sqlite_master
            WHERE type in ('table', 'view') AND NOT name='sqlite_sequence'
            ORDER BY name; args=None; alias=default
(0.000) SELECT "django_migrations"."id", "django_migrations"."app", "django_migrations"."name", "django_migrations"."applied" FROM "django_migrations"; args=(); alias=default
(0.000) 
            SELECT name, type FROM sqlite_master
            WHERE type in ('table', 'view') AND NOT name='sqlite_sequence'
            ORDER BY name; args=None; alias=default
(0.000) SELECT "django_migrations"."id", "django_migrations"."app", "django_migrations"."name", "django_migrations"."applied" FROM "django_migrations"; args=(); alias=default
(0.000) 
            SELECT name, type FROM sqlite_master
            WHERE type in ('table', 'view') AND NOT name='sqlite_sequence'
            ORDER BY name; args=None; alias=default
(0.000) SELECT "django_migrations"."id", "django_migrations"."app", "django_migrations"."name", "django_migrations"."applied" FROM "django_migrations"; args=(); alias=default
(0.000) 
            SELECT name, type FROM sqlite_master
            WHERE type in ('table', 'view') AND NOT name='sqlite_sequence'
            ORDER BY name; args=None; alias=default
(0.000) SELECT "django_migrations"."id", "django_migrations"."app", "django_migrations"."name", "django_migrations"."applied" FROM "django_migrations"; args=(); alias=default
(0.000) 
            SELECT name, type FROM sqlite_master
            WHERE type in ('table', 'view') AND NOT name='sqlite_sequence'
            ORDER BY name; args=None; alias=default
(0.000) SELECT "django_migrations"."id", "django_migrations"."app", "django_migrations"."name", "django_migrations"."applied" FROM "django_migrations"; args=(); alias=default
(0.000) 
            SELECT name, type FROM sqlite_master
            WHERE type in ('table', 'view') AND NOT name='sqlite_sequence'
            ORDER BY name; args=None; alias=default
(0.000) SELECT "django_migrations"."id", "django_migrations"."app", "django_migrations"."name", "django_migrations"."applied" FROM "django_migrations"; args=(); alias=default
(0.000) 
            SELECT name, type FROM sqlite_master
            WHERE type in ('table', 'view') AND NOT name='sqlite_sequence'
            ORDER BY name; args=None; alias=default
(0.000) SELECT "django_migrations"."id", "django_migrations"."app", "django_migrations"."name", "django_migrations"."applied" FROM "django_migrations"; args=(); alias=default
(0.000) 
            SELECT name, type FROM sqlite_master
            WHERE type in ('table', 'view') AND NOT name='sqlite_sequence'
            ORDER BY name; args=None; alias=default
(0.000) SELECT "django_migrations"."id", "django_migrations"."app", "django_migrations"."name", "django_migrations"."applied" FROM "django_migrations"; args=(); alias=default
(0.000) 
            SELECT name, type FROM sqlite_master
            WHERE type in ('table', 'view') AND NOT name='sqlite_sequence'
            ORDER BY name; args=None; alias=default
(0.000) SELECT "django_migrations"."id", "django_migrations"."app", "django_migrations"."name", "django_migrations"."applied" FROM "django_migrations"; args=(); alias=default
(0.000) 
            SELECT name, type FROM sqlite_master
            WHERE type in ('table', 'view') AND NOT name='sqlite_sequence'
            ORDER BY name; args=None; alias=default
(0.000) SELECT "django_migrations"."id", "django_migrations"."app", "django_migrations"."name", "django_migrations"."applied" FROM "django_migrations"; args=(); alias=default
(0.000) 
            SELECT name, type FROM sqlite_master
            WHERE type in ('table', 'view') AND NOT name='sqlite_sequence'
            ORDER BY name; args=None; alias=default
(0.000) SELECT "django_migrations"."id", "django_migrations"."app", "django_migrations"."name", "django_migrations"."applied" FROM "django_migrations"; args=(); alias=default
(0.000) 
            SELECT name, type FROM sqlite_master
            WHERE type in ('table', 'view') AND NOT name='sqlite_sequence'
            ORDER BY name; args=None; alias=default
(0.000) SELECT "django_migrations"."id", "django_migrations"."app", "django_migrations"."name", "django_migrations"."applied" FROM "django_migrations"; args=(); alias=default
(0.000) 
            SELECT name, type FROM sqlite_master
            WHERE type in ('table', 'view') AND NOT name='sqlite_sequence'
            ORDER BY name; args=None; alias=default
(0.000) SELECT "django_migrations"."id", "django_migrations"."app", "django_migrations"."name", "django_migrations"."applied" FROM "django_migrations"; args=(); alias=default
(0.016) SELECT "django_session"."session_key", "django_session"."session_data", "django_session"."expire_date" FROM "django_session" WHERE ("django_session"."expire_date" > '2023-12-22 04:52:03.026249' AND "django_session"."session_key" = 'ikwei7wutn8p02rj9q6owdnyd3o4xfgb') LIMIT 21; args=('2023-12-22 04:52:03.026249', 'ikwei7wutn8p02rj9q6owdnyd3o4xfgb'); alias=default
(0.000) SELECT "auth_user"."id", "auth_user"."password", "auth_user"."last_login", "auth_user"."is_superuser", "auth_user"."username", "auth_user"."first_name", "auth_user"."last_name", "auth_user"."email", "auth_user"."is_staff", "auth_user"."is_active", "auth_user"."date_joined" FROM "auth_user" WHERE "auth_user"."id" = 1 LIMIT 21; args=(1,); alias=default
(0.000) SELECT "app_personadb"."id", "app_personadb"."persona_name", "app_personadb"."persona_code", "app_personadb"."persona_description" FROM "app_personadb"; args=(); alias=default
(0.000) SELECT "app_kpi"."id", "app_kpi"."kpi_name", "app_kpi"."kpi_code", "app_kpi"."kpi_section" FROM "app_kpi" INNER JOIN "app_personadb_kpis" ON ("app_kpi"."id" = "app_personadb_kpis"."kpi_id") WHERE "app_personadb_kpis"."personadb_id" = 1; args=(1,); alias=default
(0.000) SELECT "app_filter"."id", "app_filter"."filter_name", "app_filter"."filter_code", "app_filter"."filter_column" FROM "app_filter" INNER JOIN "app_personadb_filters" ON ("app_filter"."id" = "app_personadb_filters"."filter_id") WHERE "app_personadb_filters"."personadb_id" = 1; args=(1,); alias=default
(0.000) 
            SELECT name, type FROM sqlite_master
            WHERE type in ('table', 'view') AND NOT name='sqlite_sequence'
            ORDER BY name; args=None; alias=default
(0.000) SELECT "django_migrations"."id", "django_migrations"."app", "django_migrations"."name", "django_migrations"."applied" FROM "django_migrations"; args=(); alias=default
(0.000) 
            SELECT name, type FROM sqlite_master
            WHERE type in ('table', 'view') AND NOT name='sqlite_sequence'
            ORDER BY name; args=None; alias=default
(0.000) SELECT "django_migrations"."id", "django_migrations"."app", "django_migrations"."name", "django_migrations"."applied" FROM "django_migrations"; args=(); alias=default
(0.000) SELECT "django_session"."session_key", "django_session"."session_data", "django_session"."expire_date" FROM "django_session" WHERE ("django_session"."expire_date" > '2023-12-22 04:52:33.563877' AND "django_session"."session_key" = 'ikwei7wutn8p02rj9q6owdnyd3o4xfgb') LIMIT 21; args=('2023-12-22 04:52:33.563877', 'ikwei7wutn8p02rj9q6owdnyd3o4xfgb'); alias=default
(0.000) SELECT "auth_user"."id", "auth_user"."password", "auth_user"."last_login", "auth_user"."is_superuser", "auth_user"."username", "auth_user"."first_name", "auth_user"."last_name", "auth_user"."email", "auth_user"."is_staff", "auth_user"."is_active", "auth_user"."date_joined" FROM "auth_user" WHERE "auth_user"."id" = 1 LIMIT 21; args=(1,); alias=default
(0.000) SELECT "app_personadb"."id", "app_personadb"."persona_name", "app_personadb"."persona_code", "app_personadb"."persona_description" FROM "app_personadb"; args=(); alias=default
(0.000) SELECT "app_kpi"."id", "app_kpi"."kpi_name", "app_kpi"."kpi_code", "app_kpi"."kpi_section" FROM "app_kpi" INNER JOIN "app_personadb_kpis" ON ("app_kpi"."id" = "app_personadb_kpis"."kpi_id") WHERE "app_personadb_kpis"."personadb_id" = 1; args=(1,); alias=default
(0.000) SELECT "app_filter"."id", "app_filter"."filter_name", "app_filter"."filter_code", "app_filter"."filter_column" FROM "app_filter" INNER JOIN "app_personadb_filters" ON ("app_filter"."id" = "app_personadb_filters"."filter_id") WHERE "app_personadb_filters"."personadb_id" = 1; args=(1,); alias=default
(0.000) 
            SELECT name, type FROM sqlite_master
            WHERE type in ('table', 'view') AND NOT name='sqlite_sequence'
            ORDER BY name; args=None; alias=default
(0.000) SELECT "django_migrations"."id", "django_migrations"."app", "django_migrations"."name", "django_migrations"."applied" FROM "django_migrations"; args=(); alias=default
(0.000) SELECT "django_session"."session_key", "django_session"."session_data", "django_session"."expire_date" FROM "django_session" WHERE ("django_session"."expire_date" > '2023-12-22 04:52:48.858270' AND "django_session"."session_key" = 'ikwei7wutn8p02rj9q6owdnyd3o4xfgb') LIMIT 21; args=('2023-12-22 04:52:48.858270', 'ikwei7wutn8p02rj9q6owdnyd3o4xfgb'); alias=default
(0.000) SELECT "auth_user"."id", "auth_user"."password", "auth_user"."last_login", "auth_user"."is_superuser", "auth_user"."username", "auth_user"."first_name", "auth_user"."last_name", "auth_user"."email", "auth_user"."is_staff", "auth_user"."is_active", "auth_user"."date_joined" FROM "auth_user" WHERE "auth_user"."id" = 1 LIMIT 21; args=(1,); alias=default
(0.000) SELECT persona_name , persona_code,persona_description from app_PersonaDb; args=(); alias=default
(0.000) SELECT "app_personadb"."id", "app_personadb"."persona_name", "app_personadb"."persona_code", "app_personadb"."persona_description" FROM "app_personadb" LIMIT 21; args=(); alias=default
(0.000) SELECT "app_personadb"."id", "app_personadb"."persona_name", "app_personadb"."persona_code", "app_personadb"."persona_description" FROM "app_personadb" LIMIT 21; args=(); alias=default
(0.000) 
            SELECT name, type FROM sqlite_master
            WHERE type in ('table', 'view') AND NOT name='sqlite_sequence'
            ORDER BY name; args=None; alias=default
(0.000) SELECT "django_migrations"."id", "django_migrations"."app", "django_migrations"."name", "django_migrations"."applied" FROM "django_migrations"; args=(); alias=default
(0.000) 
            SELECT name, type FROM sqlite_master
            WHERE type in ('table', 'view') AND NOT name='sqlite_sequence'
            ORDER BY name; args=None; alias=default
(0.000) SELECT "django_migrations"."id", "django_migrations"."app", "django_migrations"."name", "django_migrations"."applied" FROM "django_migrations"; args=(); alias=default
(0.000) 
            SELECT name, type FROM sqlite_master
            WHERE type in ('table', 'view') AND NOT name='sqlite_sequence'
            ORDER BY name; args=None; alias=default
(0.000) SELECT "django_migrations"."id", "django_migrations"."app", "django_migrations"."name", "django_migrations"."applied" FROM "django_migrations"; args=(); alias=default
(0.000) 
            SELECT name, type FROM sqlite_master
            WHERE type in ('table', 'view') AND NOT name='sqlite_sequence'
            ORDER BY name; args=None; alias=default
(0.000) SELECT "django_migrations"."id", "django_migrations"."app", "django_migrations"."name", "django_migrations"."applied" FROM "django_migrations"; args=(); alias=default
(0.000) 
            SELECT name, type FROM sqlite_master
            WHERE type in ('table', 'view') AND NOT name='sqlite_sequence'
            ORDER BY name; args=None; alias=default
(0.000) SELECT "django_migrations"."id", "django_migrations"."app", "django_migrations"."name", "django_migrations"."applied" FROM "django_migrations"; args=(); alias=default
(0.000) 
            SELECT name, type FROM sqlite_master
            WHERE type in ('table', 'view') AND NOT name='sqlite_sequence'
            ORDER BY name; args=None; alias=default
(0.000) SELECT "django_migrations"."id", "django_migrations"."app", "django_migrations"."name", "django_migrations"."applied" FROM "django_migrations"; args=(); alias=default
(0.000) 
            SELECT name, type FROM sqlite_master
            WHERE type in ('table', 'view') AND NOT name='sqlite_sequence'
            ORDER BY name; args=None; alias=default
(0.000) SELECT "django_migrations"."id", "django_migrations"."app", "django_migrations"."name", "django_migrations"."applied" FROM "django_migrations"; args=(); alias=default
(0.000) SELECT "django_session"."session_key", "django_session"."session_data", "django_session"."expire_date" FROM "django_session" WHERE ("django_session"."expire_date" > '2023-12-22 04:53:38.544753' AND "django_session"."session_key" = 'ikwei7wutn8p02rj9q6owdnyd3o4xfgb') LIMIT 21; args=('2023-12-22 04:53:38.544753', 'ikwei7wutn8p02rj9q6owdnyd3o4xfgb'); alias=default
(0.000) SELECT "auth_user"."id", "auth_user"."password", "auth_user"."last_login", "auth_user"."is_superuser", "auth_user"."username", "auth_user"."first_name", "auth_user"."last_name", "auth_user"."email", "auth_user"."is_staff", "auth_user"."is_active", "auth_user"."date_joined" FROM "auth_user" WHERE "auth_user"."id" = 1 LIMIT 21; args=(1,); alias=default
(0.000) SELECT persona_name , persona_code,persona_description from app_PersonaDb; args=(); alias=default
(0.000) SELECT "app_personadb"."id", "app_personadb"."persona_name", "app_personadb"."persona_code", "app_personadb"."persona_description" FROM "app_personadb" LIMIT 21; args=(); alias=default
(0.000) SELECT "app_personadb"."id", "app_personadb"."persona_name", "app_personadb"."persona_code", "app_personadb"."persona_description" FROM "app_personadb" LIMIT 21; args=(); alias=default
(0.016) 
            SELECT name, type FROM sqlite_master
            WHERE type in ('table', 'view') AND NOT name='sqlite_sequence'
            ORDER BY name; args=None; alias=default
(0.000) SELECT "django_migrations"."id", "django_migrations"."app", "django_migrations"."name", "django_migrations"."applied" FROM "django_migrations"; args=(); alias=default
(0.000) 
            SELECT name, type FROM sqlite_master
            WHERE type in ('table', 'view') AND NOT name='sqlite_sequence'
            ORDER BY name; args=None; alias=default
(0.000) SELECT "django_migrations"."id", "django_migrations"."app", "django_migrations"."name", "django_migrations"."applied" FROM "django_migrations"; args=(); alias=default
(0.015) 
            SELECT name, type FROM sqlite_master
            WHERE type in ('table', 'view') AND NOT name='sqlite_sequence'
            ORDER BY name; args=None; alias=default
(0.000) SELECT "django_migrations"."id", "django_migrations"."app", "django_migrations"."name", "django_migrations"."applied" FROM "django_migrations"; args=(); alias=default
(0.000) 
            SELECT name, type FROM sqlite_master
            WHERE type in ('table', 'view') AND NOT name='sqlite_sequence'
            ORDER BY name; args=None; alias=default
(0.000) SELECT "django_migrations"."id", "django_migrations"."app", "django_migrations"."name", "django_migrations"."applied" FROM "django_migrations"; args=(); alias=default
(0.016) SELECT "django_session"."session_key", "django_session"."session_data", "django_session"."expire_date" FROM "django_session" WHERE ("django_session"."expire_date" > '2023-12-22 04:54:54.403302' AND "django_session"."session_key" = 'ikwei7wutn8p02rj9q6owdnyd3o4xfgb') LIMIT 21; args=('2023-12-22 04:54:54.403302', 'ikwei7wutn8p02rj9q6owdnyd3o4xfgb'); alias=default
(0.000) SELECT "auth_user"."id", "auth_user"."password", "auth_user"."last_login", "auth_user"."is_superuser", "auth_user"."username", "auth_user"."first_name", "auth_user"."last_name", "auth_user"."email", "auth_user"."is_staff", "auth_user"."is_active", "auth_user"."date_joined" FROM "auth_user" WHERE "auth_user"."id" = 1 LIMIT 21; args=(1,); alias=default
(0.000) SELECT persona_name , persona_code,persona_description from app_PersonaDb LIMIT 1; args=(); alias=default
(0.000) SELECT "app_personadb"."id", "app_personadb"."persona_name", "app_personadb"."persona_code", "app_personadb"."persona_description" FROM "app_personadb" LIMIT 21; args=(); alias=default
(0.000) SELECT "app_personadb"."id", "app_personadb"."persona_name", "app_personadb"."persona_code", "app_personadb"."persona_description" FROM "app_personadb" LIMIT 21; args=(); alias=default
(0.000) 
            SELECT name, type FROM sqlite_master
            WHERE type in ('table', 'view') AND NOT name='sqlite_sequence'
            ORDER BY name; args=None; alias=default
(0.000) SELECT "django_migrations"."id", "django_migrations"."app", "django_migrations"."name", "django_migrations"."applied" FROM "django_migrations"; args=(); alias=default
(0.000) SELECT "django_session"."session_key", "django_session"."session_data", "django_session"."expire_date" FROM "django_session" WHERE ("django_session"."expire_date" > '2023-12-22 04:55:15.098012' AND "django_session"."session_key" = 'ikwei7wutn8p02rj9q6owdnyd3o4xfgb') LIMIT 21; args=('2023-12-22 04:55:15.098012', 'ikwei7wutn8p02rj9q6owdnyd3o4xfgb'); alias=default
(0.000) SELECT "auth_user"."id", "auth_user"."password", "auth_user"."last_login", "auth_user"."is_superuser", "auth_user"."username", "auth_user"."first_name", "auth_user"."last_name", "auth_user"."email", "auth_user"."is_staff", "auth_user"."is_active", "auth_user"."date_joined" FROM "auth_user" WHERE "auth_user"."id" = 1 LIMIT 21; args=(1,); alias=default
(0.000) SELECT persona_name , persona_code,persona_description from app_PersonaDb where id=1 LIMIT 1; args=(); alias=default
(0.000) SELECT "app_personadb"."id", "app_personadb"."persona_name", "app_personadb"."persona_code", "app_personadb"."persona_description" FROM "app_personadb" LIMIT 21; args=(); alias=default
(0.000) SELECT "app_personadb"."id", "app_personadb"."persona_name", "app_personadb"."persona_code", "app_personadb"."persona_description" FROM "app_personadb" LIMIT 21; args=(); alias=default
(0.000) 
            SELECT name, type FROM sqlite_master
            WHERE type in ('table', 'view') AND NOT name='sqlite_sequence'
            ORDER BY name; args=None; alias=default
(0.000) SELECT "django_migrations"."id", "django_migrations"."app", "django_migrations"."name", "django_migrations"."applied" FROM "django_migrations"; args=(); alias=default
(0.000) SELECT "django_session"."session_key", "django_session"."session_data", "django_session"."expire_date" FROM "django_session" WHERE ("django_session"."expire_date" > '2023-12-22 04:56:02.852981' AND "django_session"."session_key" = 'ikwei7wutn8p02rj9q6owdnyd3o4xfgb') LIMIT 21; args=('2023-12-22 04:56:02.852981', 'ikwei7wutn8p02rj9q6owdnyd3o4xfgb'); alias=default
(0.000) SELECT "auth_user"."id", "auth_user"."password", "auth_user"."last_login", "auth_user"."is_superuser", "auth_user"."username", "auth_user"."first_name", "auth_user"."last_name", "auth_user"."email", "auth_user"."is_staff", "auth_user"."is_active", "auth_user"."date_joined" FROM "auth_user" WHERE "auth_user"."id" = 1 LIMIT 21; args=(1,); alias=default
(0.000) SELECT id, persona_name , persona_code,persona_description from app_PersonaDb where id=1 LIMIT 1; args=(); alias=default
(0.000) SELECT "app_personadb"."id", "app_personadb"."persona_name", "app_personadb"."persona_code", "app_personadb"."persona_description" FROM "app_personadb"; args=(); alias=default
(0.000) SELECT "app_kpi"."id", "app_kpi"."kpi_name", "app_kpi"."kpi_code", "app_kpi"."kpi_section" FROM "app_kpi" INNER JOIN "app_personadb_kpis" ON ("app_kpi"."id" = "app_personadb_kpis"."kpi_id") WHERE "app_personadb_kpis"."personadb_id" = 1; args=(1,); alias=default
(0.000) SELECT "app_filter"."id", "app_filter"."filter_name", "app_filter"."filter_code", "app_filter"."filter_column" FROM "app_filter" INNER JOIN "app_personadb_filters" ON ("app_filter"."id" = "app_personadb_filters"."filter_id") WHERE "app_personadb_filters"."personadb_id" = 1; args=(1,); alias=default
(0.000) 
            SELECT name, type FROM sqlite_master
            WHERE type in ('table', 'view') AND NOT name='sqlite_sequence'
            ORDER BY name; args=None; alias=default
(0.000) SELECT "django_migrations"."id", "django_migrations"."app", "django_migrations"."name", "django_migrations"."applied" FROM "django_migrations"; args=(); alias=default
(0.000) SELECT "django_session"."session_key", "django_session"."session_data", "django_session"."expire_date" FROM "django_session" WHERE ("django_session"."expire_date" > '2023-12-28 05:47:19.293310' AND "django_session"."session_key" = 'ikwei7wutn8p02rj9q6owdnyd3o4xfgb') LIMIT 21; args=('2023-12-28 05:47:19.293310', 'ikwei7wutn8p02rj9q6owdnyd3o4xfgb'); alias=default
(0.000) SELECT "auth_user"."id", "auth_user"."password", "auth_user"."last_login", "auth_user"."is_superuser", "auth_user"."username", "auth_user"."first_name", "auth_user"."last_name", "auth_user"."email", "auth_user"."is_staff", "auth_user"."is_active", "auth_user"."date_joined" FROM "auth_user" WHERE "auth_user"."id" = 1 LIMIT 21; args=(1,); alias=default
(0.000) SELECT id, persona_name , persona_code,persona_description from app_PersonaDb where id=1 LIMIT 1; args=(); alias=default
(0.000) SELECT "app_personadb"."id", "app_personadb"."persona_name", "app_personadb"."persona_code", "app_personadb"."persona_description" FROM "app_personadb"; args=(); alias=default
(0.000) SELECT "app_kpi"."id", "app_kpi"."kpi_name", "app_kpi"."kpi_code", "app_kpi"."kpi_section" FROM "app_kpi" INNER JOIN "app_personadb_kpis" ON ("app_kpi"."id" = "app_personadb_kpis"."kpi_id") WHERE "app_personadb_kpis"."personadb_id" = 1; args=(1,); alias=default
(0.000) SELECT "app_filter"."id", "app_filter"."filter_name", "app_filter"."filter_code", "app_filter"."filter_column" FROM "app_filter" INNER JOIN "app_personadb_filters" ON ("app_filter"."id" = "app_personadb_filters"."filter_id") WHERE "app_personadb_filters"."personadb_id" = 1; args=(1,); alias=default
(0.000) SELECT id, persona_name , persona_code,persona_description from app_PersonaDb where id=1 LIMIT 1; args=(); alias=default
(0.000) SELECT "app_personadb"."id", "app_personadb"."persona_name", "app_personadb"."persona_code", "app_personadb"."persona_description" FROM "app_personadb"; args=(); alias=default
(0.000) SELECT "app_kpi"."id", "app_kpi"."kpi_name", "app_kpi"."kpi_code", "app_kpi"."kpi_section" FROM "app_kpi" INNER JOIN "app_personadb_kpis" ON ("app_kpi"."id" = "app_personadb_kpis"."kpi_id") WHERE "app_personadb_kpis"."personadb_id" = 1; args=(1,); alias=default
(0.000) SELECT "app_filter"."id", "app_filter"."filter_name", "app_filter"."filter_code", "app_filter"."filter_column" FROM "app_filter" INNER JOIN "app_personadb_filters" ON ("app_filter"."id" = "app_personadb_filters"."filter_id") WHERE "app_personadb_filters"."personadb_id" = 1; args=(1,); alias=default
(0.000) SELECT id, persona_name , persona_code,persona_description from app_PersonaDb where id=1 LIMIT 1; args=(); alias=default
(0.000) SELECT "app_personadb"."id", "app_personadb"."persona_name", "app_personadb"."persona_code", "app_personadb"."persona_description" FROM "app_personadb"; args=(); alias=default
(0.000) SELECT "app_kpi"."id", "app_kpi"."kpi_name", "app_kpi"."kpi_code", "app_kpi"."kpi_section" FROM "app_kpi" INNER JOIN "app_personadb_kpis" ON ("app_kpi"."id" = "app_personadb_kpis"."kpi_id") WHERE "app_personadb_kpis"."personadb_id" = 1; args=(1,); alias=default
(0.000) SELECT "app_filter"."id", "app_filter"."filter_name", "app_filter"."filter_code", "app_filter"."filter_column" FROM "app_filter" INNER JOIN "app_personadb_filters" ON ("app_filter"."id" = "app_personadb_filters"."filter_id") WHERE "app_personadb_filters"."personadb_id" = 1; args=(1,); alias=default
(0.000) SELECT id, persona_name , persona_code,persona_description from app_PersonaDb where id=1 LIMIT 1; args=(); alias=default
(0.000) SELECT "app_personadb"."id", "app_personadb"."persona_name", "app_personadb"."persona_code", "app_personadb"."persona_description" FROM "app_personadb"; args=(); alias=default
(0.000) SELECT "app_kpi"."id", "app_kpi"."kpi_name", "app_kpi"."kpi_code", "app_kpi"."kpi_section" FROM "app_kpi" INNER JOIN "app_personadb_kpis" ON ("app_kpi"."id" = "app_personadb_kpis"."kpi_id") WHERE "app_personadb_kpis"."personadb_id" = 1; args=(1,); alias=default
(0.000) SELECT "app_filter"."id", "app_filter"."filter_name", "app_filter"."filter_code", "app_filter"."filter_column" FROM "app_filter" INNER JOIN "app_personadb_filters" ON ("app_filter"."id" = "app_personadb_filters"."filter_id") WHERE "app_personadb_filters"."personadb_id" = 1; args=(1,); alias=default
(0.000) 
            SELECT name, type FROM sqlite_master
            WHERE type in ('table', 'view') AND NOT name='sqlite_sequence'
            ORDER BY name; args=None; alias=default
(0.000) SELECT "django_migrations"."id", "django_migrations"."app", "django_migrations"."name", "django_migrations"."applied" FROM "django_migrations"; args=(); alias=default
(0.000) SELECT id, persona_name , persona_code,persona_description from app_PersonaDb where id=1 LIMIT 1; args=(); alias=default
(0.000) SELECT "app_personadb"."id", "app_personadb"."persona_name", "app_personadb"."persona_code", "app_personadb"."persona_description" FROM "app_personadb"; args=(); alias=default
(0.000) SELECT "app_kpi"."id", "app_kpi"."kpi_name", "app_kpi"."kpi_code", "app_kpi"."kpi_section" FROM "app_kpi" INNER JOIN "app_personadb_kpis" ON ("app_kpi"."id" = "app_personadb_kpis"."kpi_id") WHERE "app_personadb_kpis"."personadb_id" = 1; args=(1,); alias=default
(0.000) SELECT "app_filter"."id", "app_filter"."filter_name", "app_filter"."filter_code", "app_filter"."filter_column" FROM "app_filter" INNER JOIN "app_personadb_filters" ON ("app_filter"."id" = "app_personadb_filters"."filter_id") WHERE "app_personadb_filters"."personadb_id" = 1; args=(1,); alias=default
(0.016) SELECT id, persona_name , persona_code,persona_description from app_PersonaDb where id=1 LIMIT 1; args=(); alias=default
(0.000) SELECT "app_personadb"."id", "app_personadb"."persona_name", "app_personadb"."persona_code", "app_personadb"."persona_description" FROM "app_personadb"; args=(); alias=default
(0.000) SELECT "app_kpi"."id", "app_kpi"."kpi_name", "app_kpi"."kpi_code", "app_kpi"."kpi_section" FROM "app_kpi" INNER JOIN "app_personadb_kpis" ON ("app_kpi"."id" = "app_personadb_kpis"."kpi_id") WHERE "app_personadb_kpis"."personadb_id" = 1; args=(1,); alias=default
(0.000) SELECT "app_filter"."id", "app_filter"."filter_name", "app_filter"."filter_code", "app_filter"."filter_column" FROM "app_filter" INNER JOIN "app_personadb_filters" ON ("app_filter"."id" = "app_personadb_filters"."filter_id") WHERE "app_personadb_filters"."personadb_id" = 1; args=(1,); alias=default
(0.000) SELECT id, persona_name , persona_code,persona_description from app_PersonaDb where id=1 LIMIT 1; args=(); alias=default
(0.000) SELECT "app_personadb"."id", "app_personadb"."persona_name", "app_personadb"."persona_code", "app_personadb"."persona_description" FROM "app_personadb"; args=(); alias=default
(0.000) SELECT "app_kpi"."id", "app_kpi"."kpi_name", "app_kpi"."kpi_code", "app_kpi"."kpi_section" FROM "app_kpi" INNER JOIN "app_personadb_kpis" ON ("app_kpi"."id" = "app_personadb_kpis"."kpi_id") WHERE "app_personadb_kpis"."personadb_id" = 1; args=(1,); alias=default
(0.000) SELECT "app_filter"."id", "app_filter"."filter_name", "app_filter"."filter_code", "app_filter"."filter_column" FROM "app_filter" INNER JOIN "app_personadb_filters" ON ("app_filter"."id" = "app_personadb_filters"."filter_id") WHERE "app_personadb_filters"."personadb_id" = 1; args=(1,); alias=default
(0.000) SELECT id, persona_name , persona_code,persona_description from app_PersonaDb where id=1 LIMIT 1; args=(); alias=default
(0.000) SELECT "app_personadb"."id", "app_personadb"."persona_name", "app_personadb"."persona_code", "app_personadb"."persona_description" FROM "app_personadb"; args=(); alias=default
(0.000) SELECT "app_kpi"."id", "app_kpi"."kpi_name", "app_kpi"."kpi_code", "app_kpi"."kpi_section" FROM "app_kpi" INNER JOIN "app_personadb_kpis" ON ("app_kpi"."id" = "app_personadb_kpis"."kpi_id") WHERE "app_personadb_kpis"."personadb_id" = 1; args=(1,); alias=default
(0.000) SELECT "app_filter"."id", "app_filter"."filter_name", "app_filter"."filter_code", "app_filter"."filter_column" FROM "app_filter" INNER JOIN "app_personadb_filters" ON ("app_filter"."id" = "app_personadb_filters"."filter_id") WHERE "app_personadb_filters"."personadb_id" = 1; args=(1,); alias=default
(0.016) SELECT id, persona_name , persona_code,persona_description from app_PersonaDb where id=1 LIMIT 1; args=(); alias=default
(0.000) SELECT "app_personadb"."id", "app_personadb"."persona_name", "app_personadb"."persona_code", "app_personadb"."persona_description" FROM "app_personadb"; args=(); alias=default
(0.000) SELECT "app_kpi"."id", "app_kpi"."kpi_name", "app_kpi"."kpi_code", "app_kpi"."kpi_section" FROM "app_kpi" INNER JOIN "app_personadb_kpis" ON ("app_kpi"."id" = "app_personadb_kpis"."kpi_id") WHERE "app_personadb_kpis"."personadb_id" = 1; args=(1,); alias=default
(0.000) SELECT "app_filter"."id", "app_filter"."filter_name", "app_filter"."filter_code", "app_filter"."filter_column" FROM "app_filter" INNER JOIN "app_personadb_filters" ON ("app_filter"."id" = "app_personadb_filters"."filter_id") WHERE "app_personadb_filters"."personadb_id" = 1; args=(1,); alias=default
(0.000) SELECT id, persona_name , persona_code,persona_description from app_PersonaDb where id=1 LIMIT 1; args=(); alias=default
(0.000) SELECT "app_personadb"."id", "app_personadb"."persona_name", "app_personadb"."persona_code", "app_personadb"."persona_description" FROM "app_personadb"; args=(); alias=default
(0.000) SELECT "app_kpi"."id", "app_kpi"."kpi_name", "app_kpi"."kpi_code", "app_kpi"."kpi_section" FROM "app_kpi" INNER JOIN "app_personadb_kpis" ON ("app_kpi"."id" = "app_personadb_kpis"."kpi_id") WHERE "app_personadb_kpis"."personadb_id" = 1; args=(1,); alias=default
(0.000) SELECT "app_filter"."id", "app_filter"."filter_name", "app_filter"."filter_code", "app_filter"."filter_column" FROM "app_filter" INNER JOIN "app_personadb_filters" ON ("app_filter"."id" = "app_personadb_filters"."filter_id") WHERE "app_personadb_filters"."personadb_id" = 1; args=(1,); alias=default
(0.000) SELECT id, persona_name , persona_code,persona_description from app_PersonaDb where id=1 LIMIT 1; args=(); alias=default
(0.000) SELECT "app_personadb"."id", "app_personadb"."persona_name", "app_personadb"."persona_code", "app_personadb"."persona_description" FROM "app_personadb"; args=(); alias=default
(0.000) SELECT "app_kpi"."id", "app_kpi"."kpi_name", "app_kpi"."kpi_code", "app_kpi"."kpi_section" FROM "app_kpi" INNER JOIN "app_personadb_kpis" ON ("app_kpi"."id" = "app_personadb_kpis"."kpi_id") WHERE "app_personadb_kpis"."personadb_id" = 1; args=(1,); alias=default
(0.000) SELECT "app_filter"."id", "app_filter"."filter_name", "app_filter"."filter_code", "app_filter"."filter_column" FROM "app_filter" INNER JOIN "app_personadb_filters" ON ("app_filter"."id" = "app_personadb_filters"."filter_id") WHERE "app_personadb_filters"."personadb_id" = 1; args=(1,); alias=default
(0.000) SELECT id, persona_name , persona_code,persona_description from app_PersonaDb where id=1 LIMIT 1; args=(); alias=default
(0.000) SELECT "app_personadb"."id", "app_personadb"."persona_name", "app_personadb"."persona_code", "app_personadb"."persona_description" FROM "app_personadb"; args=(); alias=default
(0.000) SELECT "app_kpi"."id", "app_kpi"."kpi_name", "app_kpi"."kpi_code", "app_kpi"."kpi_section" FROM "app_kpi" INNER JOIN "app_personadb_kpis" ON ("app_kpi"."id" = "app_personadb_kpis"."kpi_id") WHERE "app_personadb_kpis"."personadb_id" = 1; args=(1,); alias=default
(0.000) SELECT "app_filter"."id", "app_filter"."filter_name", "app_filter"."filter_code", "app_filter"."filter_column" FROM "app_filter" INNER JOIN "app_personadb_filters" ON ("app_filter"."id" = "app_personadb_filters"."filter_id") WHERE "app_personadb_filters"."personadb_id" = 1; args=(1,); alias=default
(0.000) SELECT id, persona_name , persona_code,persona_description from app_PersonaDb where id=1 LIMIT 1; args=(); alias=default
(0.000) SELECT "app_personadb"."id", "app_personadb"."persona_name", "app_personadb"."persona_code", "app_personadb"."persona_description" FROM "app_personadb"; args=(); alias=default
(0.000) SELECT "app_kpi"."id", "app_kpi"."kpi_name", "app_kpi"."kpi_code", "app_kpi"."kpi_section" FROM "app_kpi" INNER JOIN "app_personadb_kpis" ON ("app_kpi"."id" = "app_personadb_kpis"."kpi_id") WHERE "app_personadb_kpis"."personadb_id" = 1; args=(1,); alias=default
(0.000) SELECT "app_filter"."id", "app_filter"."filter_name", "app_filter"."filter_code", "app_filter"."filter_column" FROM "app_filter" INNER JOIN "app_personadb_filters" ON ("app_filter"."id" = "app_personadb_filters"."filter_id") WHERE "app_personadb_filters"."personadb_id" = 1; args=(1,); alias=default
(0.000) SELECT id, persona_name , persona_code,persona_description from app_PersonaDb where id=1 LIMIT 1; args=(); alias=default
(0.000) SELECT "app_personadb"."id", "app_personadb"."persona_name", "app_personadb"."persona_code", "app_personadb"."persona_description" FROM "app_personadb"; args=(); alias=default
(0.000) SELECT "app_kpi"."id", "app_kpi"."kpi_name", "app_kpi"."kpi_code", "app_kpi"."kpi_section" FROM "app_kpi" INNER JOIN "app_personadb_kpis" ON ("app_kpi"."id" = "app_personadb_kpis"."kpi_id") WHERE "app_personadb_kpis"."personadb_id" = 1; args=(1,); alias=default
(0.000) SELECT "app_filter"."id", "app_filter"."filter_name", "app_filter"."filter_code", "app_filter"."filter_column" FROM "app_filter" INNER JOIN "app_personadb_filters" ON ("app_filter"."id" = "app_personadb_filters"."filter_id") WHERE "app_personadb_filters"."personadb_id" = 1; args=(1,); alias=default
(0.000) SELECT id, persona_name , persona_code,persona_description from app_PersonaDb where id=1 LIMIT 1; args=(); alias=default
(0.000) SELECT "app_personadb"."id", "app_personadb"."persona_name", "app_personadb"."persona_code", "app_personadb"."persona_description" FROM "app_personadb"; args=(); alias=default
(0.000) SELECT "app_kpi"."id", "app_kpi"."kpi_name", "app_kpi"."kpi_code", "app_kpi"."kpi_section" FROM "app_kpi" INNER JOIN "app_personadb_kpis" ON ("app_kpi"."id" = "app_personadb_kpis"."kpi_id") WHERE "app_personadb_kpis"."personadb_id" = 1; args=(1,); alias=default
(0.000) SELECT "app_filter"."id", "app_filter"."filter_name", "app_filter"."filter_code", "app_filter"."filter_column" FROM "app_filter" INNER JOIN "app_personadb_filters" ON ("app_filter"."id" = "app_personadb_filters"."filter_id") WHERE "app_personadb_filters"."personadb_id" = 1; args=(1,); alias=default
(0.000) SELECT id, persona_name , persona_code,persona_description from app_PersonaDb where id=1 LIMIT 1; args=(); alias=default
(0.000) SELECT "app_personadb"."id", "app_personadb"."persona_name", "app_personadb"."persona_code", "app_personadb"."persona_description" FROM "app_personadb"; args=(); alias=default
(0.000) SELECT "app_kpi"."id", "app_kpi"."kpi_name", "app_kpi"."kpi_code", "app_kpi"."kpi_section" FROM "app_kpi" INNER JOIN "app_personadb_kpis" ON ("app_kpi"."id" = "app_personadb_kpis"."kpi_id") WHERE "app_personadb_kpis"."personadb_id" = 1; args=(1,); alias=default
(0.000) SELECT "app_filter"."id", "app_filter"."filter_name", "app_filter"."filter_code", "app_filter"."filter_column" FROM "app_filter" INNER JOIN "app_personadb_filters" ON ("app_filter"."id" = "app_personadb_filters"."filter_id") WHERE "app_personadb_filters"."personadb_id" = 1; args=(1,); alias=default
(0.000) SELECT id, persona_name , persona_code,persona_description from app_PersonaDb where id=1 LIMIT 1; args=(); alias=default
(0.000) SELECT "app_personadb"."id", "app_personadb"."persona_name", "app_personadb"."persona_code", "app_personadb"."persona_description" FROM "app_personadb"; args=(); alias=default
(0.000) SELECT "app_kpi"."id", "app_kpi"."kpi_name", "app_kpi"."kpi_code", "app_kpi"."kpi_section" FROM "app_kpi" INNER JOIN "app_personadb_kpis" ON ("app_kpi"."id" = "app_personadb_kpis"."kpi_id") WHERE "app_personadb_kpis"."personadb_id" = 1; args=(1,); alias=default
(0.000) SELECT "app_filter"."id", "app_filter"."filter_name", "app_filter"."filter_code", "app_filter"."filter_column" FROM "app_filter" INNER JOIN "app_personadb_filters" ON ("app_filter"."id" = "app_personadb_filters"."filter_id") WHERE "app_personadb_filters"."personadb_id" = 1; args=(1,); alias=default
(0.000) SELECT id, persona_name , persona_code,persona_description from app_PersonaDb where id=1 LIMIT 1; args=(); alias=default
(0.000) SELECT "app_personadb"."id", "app_personadb"."persona_name", "app_personadb"."persona_code", "app_personadb"."persona_description" FROM "app_personadb"; args=(); alias=default
(0.000) SELECT "app_kpi"."id", "app_kpi"."kpi_name", "app_kpi"."kpi_code", "app_kpi"."kpi_section" FROM "app_kpi" INNER JOIN "app_personadb_kpis" ON ("app_kpi"."id" = "app_personadb_kpis"."kpi_id") WHERE "app_personadb_kpis"."personadb_id" = 1; args=(1,); alias=default
(0.000) SELECT "app_filter"."id", "app_filter"."filter_name", "app_filter"."filter_code", "app_filter"."filter_column" FROM "app_filter" INNER JOIN "app_personadb_filters" ON ("app_filter"."id" = "app_personadb_filters"."filter_id") WHERE "app_personadb_filters"."personadb_id" = 1; args=(1,); alias=default
(0.000) SELECT id, persona_name , persona_code,persona_description from app_PersonaDb where id=1 LIMIT 1; args=(); alias=default
(0.000) SELECT "app_personadb"."id", "app_personadb"."persona_name", "app_personadb"."persona_code", "app_personadb"."persona_description" FROM "app_personadb"; args=(); alias=default
(0.000) SELECT "app_kpi"."id", "app_kpi"."kpi_name", "app_kpi"."kpi_code", "app_kpi"."kpi_section" FROM "app_kpi" INNER JOIN "app_personadb_kpis" ON ("app_kpi"."id" = "app_personadb_kpis"."kpi_id") WHERE "app_personadb_kpis"."personadb_id" = 1; args=(1,); alias=default
(0.000) SELECT "app_filter"."id", "app_filter"."filter_name", "app_filter"."filter_code", "app_filter"."filter_column" FROM "app_filter" INNER JOIN "app_personadb_filters" ON ("app_filter"."id" = "app_personadb_filters"."filter_id") WHERE "app_personadb_filters"."personadb_id" = 1; args=(1,); alias=default
(0.000) SELECT id, persona_name , persona_code,persona_description from app_PersonaDb where id=1 LIMIT 1; args=(); alias=default
(0.000) SELECT "app_personadb"."id", "app_personadb"."persona_name", "app_personadb"."persona_code", "app_personadb"."persona_description" FROM "app_personadb"; args=(); alias=default
(0.000) SELECT "app_kpi"."id", "app_kpi"."kpi_name", "app_kpi"."kpi_code", "app_kpi"."kpi_section" FROM "app_kpi" INNER JOIN "app_personadb_kpis" ON ("app_kpi"."id" = "app_personadb_kpis"."kpi_id") WHERE "app_personadb_kpis"."personadb_id" = 1; args=(1,); alias=default
(0.000) SELECT "app_filter"."id", "app_filter"."filter_name", "app_filter"."filter_code", "app_filter"."filter_column" FROM "app_filter" INNER JOIN "app_personadb_filters" ON ("app_filter"."id" = "app_personadb_filters"."filter_id") WHERE "app_personadb_filters"."personadb_id" = 1; args=(1,); alias=default
(0.000) SELECT id, persona_name , persona_code,persona_description from app_PersonaDb where id=1 LIMIT 1; args=(); alias=default
(0.000) SELECT "app_personadb"."id", "app_personadb"."persona_name", "app_personadb"."persona_code", "app_personadb"."persona_description" FROM "app_personadb"; args=(); alias=default
(0.000) SELECT "app_kpi"."id", "app_kpi"."kpi_name", "app_kpi"."kpi_code", "app_kpi"."kpi_section" FROM "app_kpi" INNER JOIN "app_personadb_kpis" ON ("app_kpi"."id" = "app_personadb_kpis"."kpi_id") WHERE "app_personadb_kpis"."personadb_id" = 1; args=(1,); alias=default
(0.000) SELECT "app_filter"."id", "app_filter"."filter_name", "app_filter"."filter_code", "app_filter"."filter_column" FROM "app_filter" INNER JOIN "app_personadb_filters" ON ("app_filter"."id" = "app_personadb_filters"."filter_id") WHERE "app_personadb_filters"."personadb_id" = 1; args=(1,); alias=default
(0.000) SELECT id, persona_name , persona_code,persona_description from app_PersonaDb where id=1 LIMIT 1; args=(); alias=default
(0.000) SELECT "app_personadb"."id", "app_personadb"."persona_name", "app_personadb"."persona_code", "app_personadb"."persona_description" FROM "app_personadb"; args=(); alias=default
(0.000) SELECT "app_kpi"."id", "app_kpi"."kpi_name", "app_kpi"."kpi_code", "app_kpi"."kpi_section" FROM "app_kpi" INNER JOIN "app_personadb_kpis" ON ("app_kpi"."id" = "app_personadb_kpis"."kpi_id") WHERE "app_personadb_kpis"."personadb_id" = 1; args=(1,); alias=default
(0.000) SELECT "app_filter"."id", "app_filter"."filter_name", "app_filter"."filter_code", "app_filter"."filter_column" FROM "app_filter" INNER JOIN "app_personadb_filters" ON ("app_filter"."id" = "app_personadb_filters"."filter_id") WHERE "app_personadb_filters"."personadb_id" = 1; args=(1,); alias=default
(0.000) SELECT id, persona_name , persona_code,persona_description from app_PersonaDb where id=1 LIMIT 1; args=(); alias=default
(0.000) SELECT "app_personadb"."id", "app_personadb"."persona_name", "app_personadb"."persona_code", "app_personadb"."persona_description" FROM "app_personadb"; args=(); alias=default
(0.000) SELECT "app_kpi"."id", "app_kpi"."kpi_name", "app_kpi"."kpi_code", "app_kpi"."kpi_section" FROM "app_kpi" INNER JOIN "app_personadb_kpis" ON ("app_kpi"."id" = "app_personadb_kpis"."kpi_id") WHERE "app_personadb_kpis"."personadb_id" = 1; args=(1,); alias=default
(0.000) SELECT "app_filter"."id", "app_filter"."filter_name", "app_filter"."filter_code", "app_filter"."filter_column" FROM "app_filter" INNER JOIN "app_personadb_filters" ON ("app_filter"."id" = "app_personadb_filters"."filter_id") WHERE "app_personadb_filters"."personadb_id" = 1; args=(1,); alias=default
(0.000) SELECT id, persona_name , persona_code,persona_description from app_PersonaDb where id=1 LIMIT 1; args=(); alias=default
(0.000) SELECT "app_personadb"."id", "app_personadb"."persona_name", "app_personadb"."persona_code", "app_personadb"."persona_description" FROM "app_personadb"; args=(); alias=default
(0.000) SELECT "app_kpi"."id", "app_kpi"."kpi_name", "app_kpi"."kpi_code", "app_kpi"."kpi_section" FROM "app_kpi" INNER JOIN "app_personadb_kpis" ON ("app_kpi"."id" = "app_personadb_kpis"."kpi_id") WHERE "app_personadb_kpis"."personadb_id" = 1; args=(1,); alias=default
(0.000) SELECT "app_filter"."id", "app_filter"."filter_name", "app_filter"."filter_code", "app_filter"."filter_column" FROM "app_filter" INNER JOIN "app_personadb_filters" ON ("app_filter"."id" = "app_personadb_filters"."filter_id") WHERE "app_personadb_filters"."personadb_id" = 1; args=(1,); alias=default
(0.000) SELECT id, persona_name , persona_code,persona_description from app_PersonaDb where id=1 LIMIT 1; args=(); alias=default
(0.000) SELECT "app_personadb"."id", "app_personadb"."persona_name", "app_personadb"."persona_code", "app_personadb"."persona_description" FROM "app_personadb"; args=(); alias=default
(0.000) SELECT "app_kpi"."id", "app_kpi"."kpi_name", "app_kpi"."kpi_code", "app_kpi"."kpi_section" FROM "app_kpi" INNER JOIN "app_personadb_kpis" ON ("app_kpi"."id" = "app_personadb_kpis"."kpi_id") WHERE "app_personadb_kpis"."personadb_id" = 1; args=(1,); alias=default
(0.000) SELECT "app_filter"."id", "app_filter"."filter_name", "app_filter"."filter_code", "app_filter"."filter_column" FROM "app_filter" INNER JOIN "app_personadb_filters" ON ("app_filter"."id" = "app_personadb_filters"."filter_id") WHERE "app_personadb_filters"."personadb_id" = 1; args=(1,); alias=default
(0.000) SELECT id, persona_name , persona_code,persona_description from app_PersonaDb where id=1 LIMIT 1; args=(); alias=default
(0.000) SELECT "app_personadb"."id", "app_personadb"."persona_name", "app_personadb"."persona_code", "app_personadb"."persona_description" FROM "app_personadb"; args=(); alias=default
(0.000) SELECT "app_kpi"."id", "app_kpi"."kpi_name", "app_kpi"."kpi_code", "app_kpi"."kpi_section" FROM "app_kpi" INNER JOIN "app_personadb_kpis" ON ("app_kpi"."id" = "app_personadb_kpis"."kpi_id") WHERE "app_personadb_kpis"."personadb_id" = 1; args=(1,); alias=default
(0.000) SELECT "app_filter"."id", "app_filter"."filter_name", "app_filter"."filter_code", "app_filter"."filter_column" FROM "app_filter" INNER JOIN "app_personadb_filters" ON ("app_filter"."id" = "app_personadb_filters"."filter_id") WHERE "app_personadb_filters"."personadb_id" = 1; args=(1,); alias=default
(0.000) SELECT id, persona_name , persona_code,persona_description from app_PersonaDb where id=1 LIMIT 1; args=(); alias=default
(0.000) SELECT "app_personadb"."id", "app_personadb"."persona_name", "app_personadb"."persona_code", "app_personadb"."persona_description" FROM "app_personadb"; args=(); alias=default
(0.000) SELECT "app_kpi"."id", "app_kpi"."kpi_name", "app_kpi"."kpi_code", "app_kpi"."kpi_section" FROM "app_kpi" INNER JOIN "app_personadb_kpis" ON ("app_kpi"."id" = "app_personadb_kpis"."kpi_id") WHERE "app_personadb_kpis"."personadb_id" = 1; args=(1,); alias=default
(0.000) SELECT "app_filter"."id", "app_filter"."filter_name", "app_filter"."filter_code", "app_filter"."filter_column" FROM "app_filter" INNER JOIN "app_personadb_filters" ON ("app_filter"."id" = "app_personadb_filters"."filter_id") WHERE "app_personadb_filters"."personadb_id" = 1; args=(1,); alias=default
(0.000) SELECT id, persona_name , persona_code,persona_description from app_PersonaDb where id=1 LIMIT 1; args=(); alias=default
(0.000) SELECT "app_personadb"."id", "app_personadb"."persona_name", "app_personadb"."persona_code", "app_personadb"."persona_description" FROM "app_personadb"; args=(); alias=default
(0.000) SELECT "app_kpi"."id", "app_kpi"."kpi_name", "app_kpi"."kpi_code", "app_kpi"."kpi_section" FROM "app_kpi" INNER JOIN "app_personadb_kpis" ON ("app_kpi"."id" = "app_personadb_kpis"."kpi_id") WHERE "app_personadb_kpis"."personadb_id" = 1; args=(1,); alias=default
(0.000) SELECT "app_filter"."id", "app_filter"."filter_name", "app_filter"."filter_code", "app_filter"."filter_column" FROM "app_filter" INNER JOIN "app_personadb_filters" ON ("app_filter"."id" = "app_personadb_filters"."filter_id") WHERE "app_personadb_filters"."personadb_id" = 1; args=(1,); alias=default
(0.000) SELECT id, persona_name , persona_code,persona_description from app_PersonaDb where id=1 LIMIT 1; args=(); alias=default
(0.000) SELECT "app_personadb"."id", "app_personadb"."persona_name", "app_personadb"."persona_code", "app_personadb"."persona_description" FROM "app_personadb"; args=(); alias=default
(0.000) SELECT "app_kpi"."id", "app_kpi"."kpi_name", "app_kpi"."kpi_code", "app_kpi"."kpi_section" FROM "app_kpi" INNER JOIN "app_personadb_kpis" ON ("app_kpi"."id" = "app_personadb_kpis"."kpi_id") WHERE "app_personadb_kpis"."personadb_id" = 1; args=(1,); alias=default
(0.016) SELECT "app_filter"."id", "app_filter"."filter_name", "app_filter"."filter_code", "app_filter"."filter_column" FROM "app_filter" INNER JOIN "app_personadb_filters" ON ("app_filter"."id" = "app_personadb_filters"."filter_id") WHERE "app_personadb_filters"."personadb_id" = 1; args=(1,); alias=default
(0.000) SELECT id, persona_name , persona_code,persona_description from app_PersonaDb where id=1 LIMIT 1; args=(); alias=default
(0.000) SELECT "app_personadb"."id", "app_personadb"."persona_name", "app_personadb"."persona_code", "app_personadb"."persona_description" FROM "app_personadb"; args=(); alias=default
(0.000) SELECT "app_kpi"."id", "app_kpi"."kpi_name", "app_kpi"."kpi_code", "app_kpi"."kpi_section" FROM "app_kpi" INNER JOIN "app_personadb_kpis" ON ("app_kpi"."id" = "app_personadb_kpis"."kpi_id") WHERE "app_personadb_kpis"."personadb_id" = 1; args=(1,); alias=default
(0.000) SELECT "app_filter"."id", "app_filter"."filter_name", "app_filter"."filter_code", "app_filter"."filter_column" FROM "app_filter" INNER JOIN "app_personadb_filters" ON ("app_filter"."id" = "app_personadb_filters"."filter_id") WHERE "app_personadb_filters"."personadb_id" = 1; args=(1,); alias=default
(0.000) SELECT id, persona_name , persona_code,persona_description from app_PersonaDb where id=1 LIMIT 1; args=(); alias=default
(0.000) SELECT "app_personadb"."id", "app_personadb"."persona_name", "app_personadb"."persona_code", "app_personadb"."persona_description" FROM "app_personadb"; args=(); alias=default
(0.000) SELECT "app_kpi"."id", "app_kpi"."kpi_name", "app_kpi"."kpi_code", "app_kpi"."kpi_section" FROM "app_kpi" INNER JOIN "app_personadb_kpis" ON ("app_kpi"."id" = "app_personadb_kpis"."kpi_id") WHERE "app_personadb_kpis"."personadb_id" = 1; args=(1,); alias=default
(0.000) SELECT "app_filter"."id", "app_filter"."filter_name", "app_filter"."filter_code", "app_filter"."filter_column" FROM "app_filter" INNER JOIN "app_personadb_filters" ON ("app_filter"."id" = "app_personadb_filters"."filter_id") WHERE "app_personadb_filters"."personadb_id" = 1; args=(1,); alias=default
(0.000) SELECT id, persona_name , persona_code,persona_description from app_PersonaDb where id=1 LIMIT 1; args=(); alias=default
(0.000) SELECT "app_personadb"."id", "app_personadb"."persona_name", "app_personadb"."persona_code", "app_personadb"."persona_description" FROM "app_personadb"; args=(); alias=default
(0.000) SELECT "app_kpi"."id", "app_kpi"."kpi_name", "app_kpi"."kpi_code", "app_kpi"."kpi_section" FROM "app_kpi" INNER JOIN "app_personadb_kpis" ON ("app_kpi"."id" = "app_personadb_kpis"."kpi_id") WHERE "app_personadb_kpis"."personadb_id" = 1; args=(1,); alias=default
(0.000) SELECT "app_filter"."id", "app_filter"."filter_name", "app_filter"."filter_code", "app_filter"."filter_column" FROM "app_filter" INNER JOIN "app_personadb_filters" ON ("app_filter"."id" = "app_personadb_filters"."filter_id") WHERE "app_personadb_filters"."personadb_id" = 1; args=(1,); alias=default
(0.000) SELECT id, persona_name , persona_code,persona_description from app_PersonaDb where id=1 LIMIT 1; args=(); alias=default
(0.000) SELECT "app_personadb"."id", "app_personadb"."persona_name", "app_personadb"."persona_code", "app_personadb"."persona_description" FROM "app_personadb"; args=(); alias=default
(0.000) SELECT "app_kpi"."id", "app_kpi"."kpi_name", "app_kpi"."kpi_code", "app_kpi"."kpi_section" FROM "app_kpi" INNER JOIN "app_personadb_kpis" ON ("app_kpi"."id" = "app_personadb_kpis"."kpi_id") WHERE "app_personadb_kpis"."personadb_id" = 1; args=(1,); alias=default
(0.000) SELECT "app_filter"."id", "app_filter"."filter_name", "app_filter"."filter_code", "app_filter"."filter_column" FROM "app_filter" INNER JOIN "app_personadb_filters" ON ("app_filter"."id" = "app_personadb_filters"."filter_id") WHERE "app_personadb_filters"."personadb_id" = 1; args=(1,); alias=default
(0.000) SELECT id, persona_name , persona_code,persona_description from app_PersonaDb where id=1 LIMIT 1; args=(); alias=default
(0.000) SELECT "app_personadb"."id", "app_personadb"."persona_name", "app_personadb"."persona_code", "app_personadb"."persona_description" FROM "app_personadb"; args=(); alias=default
(0.000) SELECT "app_kpi"."id", "app_kpi"."kpi_name", "app_kpi"."kpi_code", "app_kpi"."kpi_section" FROM "app_kpi" INNER JOIN "app_personadb_kpis" ON ("app_kpi"."id" = "app_personadb_kpis"."kpi_id") WHERE "app_personadb_kpis"."personadb_id" = 1; args=(1,); alias=default
(0.000) SELECT "app_filter"."id", "app_filter"."filter_name", "app_filter"."filter_code", "app_filter"."filter_column" FROM "app_filter" INNER JOIN "app_personadb_filters" ON ("app_filter"."id" = "app_personadb_filters"."filter_id") WHERE "app_personadb_filters"."personadb_id" = 1; args=(1,); alias=default
(0.000) SELECT id, persona_name , persona_code,persona_description from app_PersonaDb where id=1 LIMIT 1; args=(); alias=default
(0.000) SELECT "app_personadb"."id", "app_personadb"."persona_name", "app_personadb"."persona_code", "app_personadb"."persona_description" FROM "app_personadb"; args=(); alias=default
(0.000) SELECT "app_kpi"."id", "app_kpi"."kpi_name", "app_kpi"."kpi_code", "app_kpi"."kpi_section" FROM "app_kpi" INNER JOIN "app_personadb_kpis" ON ("app_kpi"."id" = "app_personadb_kpis"."kpi_id") WHERE "app_personadb_kpis"."personadb_id" = 1; args=(1,); alias=default
(0.000) SELECT "app_filter"."id", "app_filter"."filter_name", "app_filter"."filter_code", "app_filter"."filter_column" FROM "app_filter" INNER JOIN "app_personadb_filters" ON ("app_filter"."id" = "app_personadb_filters"."filter_id") WHERE "app_personadb_filters"."personadb_id" = 1; args=(1,); alias=default
(0.000) SELECT id, persona_name , persona_code,persona_description from app_PersonaDb where id=1 LIMIT 1; args=(); alias=default
(0.000) SELECT "app_personadb"."id", "app_personadb"."persona_name", "app_personadb"."persona_code", "app_personadb"."persona_description" FROM "app_personadb"; args=(); alias=default
(0.000) SELECT "app_kpi"."id", "app_kpi"."kpi_name", "app_kpi"."kpi_code", "app_kpi"."kpi_section" FROM "app_kpi" INNER JOIN "app_personadb_kpis" ON ("app_kpi"."id" = "app_personadb_kpis"."kpi_id") WHERE "app_personadb_kpis"."personadb_id" = 1; args=(1,); alias=default
(0.000) SELECT "app_filter"."id", "app_filter"."filter_name", "app_filter"."filter_code", "app_filter"."filter_column" FROM "app_filter" INNER JOIN "app_personadb_filters" ON ("app_filter"."id" = "app_personadb_filters"."filter_id") WHERE "app_personadb_filters"."personadb_id" = 1; args=(1,); alias=default
(0.000) SELECT id, persona_name , persona_code,persona_description from app_PersonaDb where id=1 LIMIT 1; args=(); alias=default
(0.000) SELECT "app_personadb"."id", "app_personadb"."persona_name", "app_personadb"."persona_code", "app_personadb"."persona_description" FROM "app_personadb"; args=(); alias=default
(0.000) SELECT "app_kpi"."id", "app_kpi"."kpi_name", "app_kpi"."kpi_code", "app_kpi"."kpi_section" FROM "app_kpi" INNER JOIN "app_personadb_kpis" ON ("app_kpi"."id" = "app_personadb_kpis"."kpi_id") WHERE "app_personadb_kpis"."personadb_id" = 1; args=(1,); alias=default
(0.000) SELECT "app_filter"."id", "app_filter"."filter_name", "app_filter"."filter_code", "app_filter"."filter_column" FROM "app_filter" INNER JOIN "app_personadb_filters" ON ("app_filter"."id" = "app_personadb_filters"."filter_id") WHERE "app_personadb_filters"."personadb_id" = 1; args=(1,); alias=default
(0.000) SELECT id, persona_name , persona_code,persona_description from app_PersonaDb where id=1 LIMIT 1; args=(); alias=default
(0.000) SELECT "app_personadb"."id", "app_personadb"."persona_name", "app_personadb"."persona_code", "app_personadb"."persona_description" FROM "app_personadb"; args=(); alias=default
(0.000) SELECT "app_kpi"."id", "app_kpi"."kpi_name", "app_kpi"."kpi_code", "app_kpi"."kpi_section" FROM "app_kpi" INNER JOIN "app_personadb_kpis" ON ("app_kpi"."id" = "app_personadb_kpis"."kpi_id") WHERE "app_personadb_kpis"."personadb_id" = 1; args=(1,); alias=default
(0.000) SELECT "app_filter"."id", "app_filter"."filter_name", "app_filter"."filter_code", "app_filter"."filter_column" FROM "app_filter" INNER JOIN "app_personadb_filters" ON ("app_filter"."id" = "app_personadb_filters"."filter_id") WHERE "app_personadb_filters"."personadb_id" = 1; args=(1,); alias=default
(0.000) SELECT id, persona_name , persona_code,persona_description from app_PersonaDb where id=1 LIMIT 1; args=(); alias=default
(0.000) SELECT "app_personadb"."id", "app_personadb"."persona_name", "app_personadb"."persona_code", "app_personadb"."persona_description" FROM "app_personadb"; args=(); alias=default
(0.000) SELECT "app_kpi"."id", "app_kpi"."kpi_name", "app_kpi"."kpi_code", "app_kpi"."kpi_section" FROM "app_kpi" INNER JOIN "app_personadb_kpis" ON ("app_kpi"."id" = "app_personadb_kpis"."kpi_id") WHERE "app_personadb_kpis"."personadb_id" = 1; args=(1,); alias=default
(0.000) SELECT "app_filter"."id", "app_filter"."filter_name", "app_filter"."filter_code", "app_filter"."filter_column" FROM "app_filter" INNER JOIN "app_personadb_filters" ON ("app_filter"."id" = "app_personadb_filters"."filter_id") WHERE "app_personadb_filters"."personadb_id" = 1; args=(1,); alias=default
(0.000) SELECT id, persona_name , persona_code,persona_description from app_PersonaDb where id=1 LIMIT 1; args=(); alias=default
(0.000) SELECT "app_personadb"."id", "app_personadb"."persona_name", "app_personadb"."persona_code", "app_personadb"."persona_description" FROM "app_personadb"; args=(); alias=default
(0.000) SELECT "app_kpi"."id", "app_kpi"."kpi_name", "app_kpi"."kpi_code", "app_kpi"."kpi_section" FROM "app_kpi" INNER JOIN "app_personadb_kpis" ON ("app_kpi"."id" = "app_personadb_kpis"."kpi_id") WHERE "app_personadb_kpis"."personadb_id" = 1; args=(1,); alias=default
(0.000) SELECT "app_filter"."id", "app_filter"."filter_name", "app_filter"."filter_code", "app_filter"."filter_column" FROM "app_filter" INNER JOIN "app_personadb_filters" ON ("app_filter"."id" = "app_personadb_filters"."filter_id") WHERE "app_personadb_filters"."personadb_id" = 1; args=(1,); alias=default
(0.000) SELECT id, persona_name , persona_code,persona_description from app_PersonaDb where id=1 LIMIT 1; args=(); alias=default
(0.000) SELECT "app_personadb"."id", "app_personadb"."persona_name", "app_personadb"."persona_code", "app_personadb"."persona_description" FROM "app_personadb"; args=(); alias=default
(0.000) SELECT "app_kpi"."id", "app_kpi"."kpi_name", "app_kpi"."kpi_code", "app_kpi"."kpi_section" FROM "app_kpi" INNER JOIN "app_personadb_kpis" ON ("app_kpi"."id" = "app_personadb_kpis"."kpi_id") WHERE "app_personadb_kpis"."personadb_id" = 1; args=(1,); alias=default
(0.000) SELECT "app_filter"."id", "app_filter"."filter_name", "app_filter"."filter_code", "app_filter"."filter_column" FROM "app_filter" INNER JOIN "app_personadb_filters" ON ("app_filter"."id" = "app_personadb_filters"."filter_id") WHERE "app_personadb_filters"."personadb_id" = 1; args=(1,); alias=default
(0.000) SELECT id, persona_name , persona_code,persona_description from app_PersonaDb where id=1 LIMIT 1; args=(); alias=default
(0.000) SELECT "app_personadb"."id", "app_personadb"."persona_name", "app_personadb"."persona_code", "app_personadb"."persona_description" FROM "app_personadb"; args=(); alias=default
(0.000) SELECT "app_kpi"."id", "app_kpi"."kpi_name", "app_kpi"."kpi_code", "app_kpi"."kpi_section" FROM "app_kpi" INNER JOIN "app_personadb_kpis" ON ("app_kpi"."id" = "app_personadb_kpis"."kpi_id") WHERE "app_personadb_kpis"."personadb_id" = 1; args=(1,); alias=default
(0.000) SELECT "app_filter"."id", "app_filter"."filter_name", "app_filter"."filter_code", "app_filter"."filter_column" FROM "app_filter" INNER JOIN "app_personadb_filters" ON ("app_filter"."id" = "app_personadb_filters"."filter_id") WHERE "app_personadb_filters"."personadb_id" = 1; args=(1,); alias=default
(0.000) SELECT id, persona_name , persona_code,persona_description from app_PersonaDb where id=1 LIMIT 1; args=(); alias=default
(0.000) SELECT "app_personadb"."id", "app_personadb"."persona_name", "app_personadb"."persona_code", "app_personadb"."persona_description" FROM "app_personadb"; args=(); alias=default
(0.000) SELECT "app_kpi"."id", "app_kpi"."kpi_name", "app_kpi"."kpi_code", "app_kpi"."kpi_section" FROM "app_kpi" INNER JOIN "app_personadb_kpis" ON ("app_kpi"."id" = "app_personadb_kpis"."kpi_id") WHERE "app_personadb_kpis"."personadb_id" = 1; args=(1,); alias=default
(0.000) SELECT "app_filter"."id", "app_filter"."filter_name", "app_filter"."filter_code", "app_filter"."filter_column" FROM "app_filter" INNER JOIN "app_personadb_filters" ON ("app_filter"."id" = "app_personadb_filters"."filter_id") WHERE "app_personadb_filters"."personadb_id" = 1; args=(1,); alias=default
(0.000) SELECT id, persona_name , persona_code,persona_description from app_PersonaDb where id=1 LIMIT 1; args=(); alias=default
(0.000) SELECT "app_personadb"."id", "app_personadb"."persona_name", "app_personadb"."persona_code", "app_personadb"."persona_description" FROM "app_personadb"; args=(); alias=default
(0.000) SELECT "app_kpi"."id", "app_kpi"."kpi_name", "app_kpi"."kpi_code", "app_kpi"."kpi_section" FROM "app_kpi" INNER JOIN "app_personadb_kpis" ON ("app_kpi"."id" = "app_personadb_kpis"."kpi_id") WHERE "app_personadb_kpis"."personadb_id" = 1; args=(1,); alias=default
(0.000) SELECT "app_filter"."id", "app_filter"."filter_name", "app_filter"."filter_code", "app_filter"."filter_column" FROM "app_filter" INNER JOIN "app_personadb_filters" ON ("app_filter"."id" = "app_personadb_filters"."filter_id") WHERE "app_personadb_filters"."personadb_id" = 1; args=(1,); alias=default
(0.000) SELECT id, persona_name , persona_code,persona_description from app_PersonaDb where id=1 LIMIT 1; args=(); alias=default
(0.000) SELECT "app_personadb"."id", "app_personadb"."persona_name", "app_personadb"."persona_code", "app_personadb"."persona_description" FROM "app_personadb"; args=(); alias=default
(0.000) SELECT "app_kpi"."id", "app_kpi"."kpi_name", "app_kpi"."kpi_code", "app_kpi"."kpi_section" FROM "app_kpi" INNER JOIN "app_personadb_kpis" ON ("app_kpi"."id" = "app_personadb_kpis"."kpi_id") WHERE "app_personadb_kpis"."personadb_id" = 1; args=(1,); alias=default
(0.000) SELECT "app_filter"."id", "app_filter"."filter_name", "app_filter"."filter_code", "app_filter"."filter_column" FROM "app_filter" INNER JOIN "app_personadb_filters" ON ("app_filter"."id" = "app_personadb_filters"."filter_id") WHERE "app_personadb_filters"."personadb_id" = 1; args=(1,); alias=default
(0.016) SELECT id, persona_name , persona_code,persona_description from app_PersonaDb where id=1 LIMIT 1; args=(); alias=default
(0.000) SELECT "app_personadb"."id", "app_personadb"."persona_name", "app_personadb"."persona_code", "app_personadb"."persona_description" FROM "app_personadb"; args=(); alias=default
(0.000) SELECT "app_kpi"."id", "app_kpi"."kpi_name", "app_kpi"."kpi_code", "app_kpi"."kpi_section" FROM "app_kpi" INNER JOIN "app_personadb_kpis" ON ("app_kpi"."id" = "app_personadb_kpis"."kpi_id") WHERE "app_personadb_kpis"."personadb_id" = 1; args=(1,); alias=default
(0.000) SELECT "app_filter"."id", "app_filter"."filter_name", "app_filter"."filter_code", "app_filter"."filter_column" FROM "app_filter" INNER JOIN "app_personadb_filters" ON ("app_filter"."id" = "app_personadb_filters"."filter_id") WHERE "app_personadb_filters"."personadb_id" = 1; args=(1,); alias=default
(0.000) SELECT id, persona_name , persona_code,persona_description from app_PersonaDb where id=1 LIMIT 1; args=(); alias=default
(0.000) SELECT "app_personadb"."id", "app_personadb"."persona_name", "app_personadb"."persona_code", "app_personadb"."persona_description" FROM "app_personadb"; args=(); alias=default
(0.000) SELECT "app_kpi"."id", "app_kpi"."kpi_name", "app_kpi"."kpi_code", "app_kpi"."kpi_section" FROM "app_kpi" INNER JOIN "app_personadb_kpis" ON ("app_kpi"."id" = "app_personadb_kpis"."kpi_id") WHERE "app_personadb_kpis"."personadb_id" = 1; args=(1,); alias=default
(0.000) SELECT "app_filter"."id", "app_filter"."filter_name", "app_filter"."filter_code", "app_filter"."filter_column" FROM "app_filter" INNER JOIN "app_personadb_filters" ON ("app_filter"."id" = "app_personadb_filters"."filter_id") WHERE "app_personadb_filters"."personadb_id" = 1; args=(1,); alias=default
(0.000) SELECT id, persona_name , persona_code,persona_description from app_PersonaDb where id=1 LIMIT 1; args=(); alias=default
(0.000) SELECT "app_personadb"."id", "app_personadb"."persona_name", "app_personadb"."persona_code", "app_personadb"."persona_description" FROM "app_personadb"; args=(); alias=default
(0.000) SELECT "app_kpi"."id", "app_kpi"."kpi_name", "app_kpi"."kpi_code", "app_kpi"."kpi_section" FROM "app_kpi" INNER JOIN "app_personadb_kpis" ON ("app_kpi"."id" = "app_personadb_kpis"."kpi_id") WHERE "app_personadb_kpis"."personadb_id" = 1; args=(1,); alias=default
(0.000) SELECT "app_filter"."id", "app_filter"."filter_name", "app_filter"."filter_code", "app_filter"."filter_column" FROM "app_filter" INNER JOIN "app_personadb_filters" ON ("app_filter"."id" = "app_personadb_filters"."filter_id") WHERE "app_personadb_filters"."personadb_id" = 1; args=(1,); alias=default
(0.000) 
            SELECT name, type FROM sqlite_master
            WHERE type in ('table', 'view') AND NOT name='sqlite_sequence'
            ORDER BY name; args=None; alias=default
(0.000) SELECT "django_migrations"."id", "django_migrations"."app", "django_migrations"."name", "django_migrations"."applied" FROM "django_migrations"; args=(); alias=default
